<?xml version="1.0" encoding="UTF-8"?>
<!-- Generated by org.testng.reporters.JUnitXMLReporter -->
<testsuite ignored="0" hostname="DESKTOP-E5EEDM8" failures="0" tests="4" name="Default test" time="39.848" errors="0" timestamp="2021-08-31T15:45:14 EET">
  <testcase classname="Login" name="registerAccountWithEmail" time="4.564"/>
  <testcase classname="Login" name="registerAccountWithEmail" time="4.499"/>
  <testcase classname="Login" name="registerAccountWithEmail" time="4.304"/>
  <testcase classname="Login" name="registerAccountWithEmail" time="4.352"/>
</testsuite> <!-- Default test -->
