<?xml version="1.0" encoding="UTF-8"?>
<testng-results ignored="0" total="4" passed="4" failed="0" skipped="0">
  <reporter-output>
  </reporter-output>
  <suite started-at="2021-08-31T15:44:34 EET" name="Default suite" finished-at="2021-08-31T15:45:14 EET" duration-ms="39848">
    <groups>
    </groups>
    <test started-at="2021-08-31T15:44:34 EET" name="Default test" finished-at="2021-08-31T15:45:14 EET" duration-ms="39848">
      <class name="Login">
        <test-method is-config="true" signature="setup()[pri:0, instance:Login@1cbb87f3]" started-at="2021-08-31T15:44:35 EET" name="setup" finished-at="2021-08-31T15:44:40 EET" duration-ms="5090" status="PASS">
          <reporter-output>
          </reporter-output>
        </test-method> <!-- setup -->
        <test-method signature="registerAccountWithEmail(java.lang.String,java.lang.String)[pri:0, instance:Login@1cbb87f3]" started-at="2021-08-31T15:44:40 EET" name="registerAccountWithEmail" data-provider="DataProviderForUsers" finished-at="2021-08-31T15:44:45 EET" duration-ms="4564" status="PASS">
          <params>
            <param index="0">
              <value>
                <![CDATA[mwqifjhbwn_1630162084@tfbnw.net]]>
              </value>
            </param>
            <param index="1">
              <value>
                <![CDATA[135791113S]]>
              </value>
            </param>
          </params>
          <reporter-output>
          </reporter-output>
        </test-method> <!-- registerAccountWithEmail -->
        <test-method is-config="true" signature="tearDown()[pri:0, instance:Login@1cbb87f3]" started-at="2021-08-31T15:44:45 EET" name="tearDown" finished-at="2021-08-31T15:44:46 EET" duration-ms="1528" status="PASS">
          <reporter-output>
          </reporter-output>
        </test-method> <!-- tearDown -->
        <test-method is-config="true" signature="setup()[pri:0, instance:Login@1cbb87f3]" started-at="2021-08-31T15:44:46 EET" name="setup" finished-at="2021-08-31T15:44:51 EET" duration-ms="4101" status="PASS">
          <reporter-output>
          </reporter-output>
        </test-method> <!-- setup -->
        <test-method signature="registerAccountWithEmail(java.lang.String,java.lang.String)[pri:0, instance:Login@1cbb87f3]" started-at="2021-08-31T15:44:51 EET" name="registerAccountWithEmail" data-provider="DataProviderForUsers" finished-at="2021-08-31T15:44:55 EET" duration-ms="4499" status="PASS">
          <params>
            <param index="0">
              <value>
                <![CDATA[]]>
              </value>
            </param>
            <param index="1">
              <value>
                <![CDATA[135791113S]]>
              </value>
            </param>
          </params>
          <reporter-output>
          </reporter-output>
        </test-method> <!-- registerAccountWithEmail -->
        <test-method is-config="true" signature="tearDown()[pri:0, instance:Login@1cbb87f3]" started-at="2021-08-31T15:44:55 EET" name="tearDown" finished-at="2021-08-31T15:44:56 EET" duration-ms="877" status="PASS">
          <reporter-output>
          </reporter-output>
        </test-method> <!-- tearDown -->
        <test-method is-config="true" signature="setup()[pri:0, instance:Login@1cbb87f3]" started-at="2021-08-31T15:44:56 EET" name="setup" finished-at="2021-08-31T15:45:00 EET" duration-ms="3878" status="PASS">
          <reporter-output>
          </reporter-output>
        </test-method> <!-- setup -->
        <test-method signature="registerAccountWithEmail(java.lang.String,java.lang.String)[pri:0, instance:Login@1cbb87f3]" started-at="2021-08-31T15:45:00 EET" name="registerAccountWithEmail" data-provider="DataProviderForUsers" finished-at="2021-08-31T15:45:04 EET" duration-ms="4304" status="PASS">
          <params>
            <param index="0">
              <value>
                <![CDATA[mwqifjhbwn_1630162084@tfbnw.net]]>
              </value>
            </param>
            <param index="1">
              <value>
                <![CDATA[]]>
              </value>
            </param>
          </params>
          <reporter-output>
          </reporter-output>
        </test-method> <!-- registerAccountWithEmail -->
        <test-method is-config="true" signature="tearDown()[pri:0, instance:Login@1cbb87f3]" started-at="2021-08-31T15:45:04 EET" name="tearDown" finished-at="2021-08-31T15:45:05 EET" duration-ms="811" status="PASS">
          <reporter-output>
          </reporter-output>
        </test-method> <!-- tearDown -->
        <test-method is-config="true" signature="setup()[pri:0, instance:Login@1cbb87f3]" started-at="2021-08-31T15:45:05 EET" name="setup" finished-at="2021-08-31T15:45:09 EET" duration-ms="3862" status="PASS">
          <reporter-output>
          </reporter-output>
        </test-method> <!-- setup -->
        <test-method signature="registerAccountWithEmail(java.lang.String,java.lang.String)[pri:0, instance:Login@1cbb87f3]" started-at="2021-08-31T15:45:09 EET" name="registerAccountWithEmail" data-provider="DataProviderForUsers" finished-at="2021-08-31T15:45:13 EET" duration-ms="4352" status="PASS">
          <params>
            <param index="0">
              <value>
                <![CDATA[mwqifjhbwn_1630162084@tfbnw.net]]>
              </value>
            </param>
            <param index="1">
              <value>
                <![CDATA[135791113s]]>
              </value>
            </param>
          </params>
          <reporter-output>
          </reporter-output>
        </test-method> <!-- registerAccountWithEmail -->
        <test-method is-config="true" signature="tearDown()[pri:0, instance:Login@1cbb87f3]" started-at="2021-08-31T15:45:13 EET" name="tearDown" finished-at="2021-08-31T15:45:14 EET" duration-ms="1052" status="PASS">
          <reporter-output>
          </reporter-output>
        </test-method> <!-- tearDown -->
      </class> <!-- Login -->
    </test> <!-- Default test -->
  </suite> <!-- Default suite -->
</testng-results>
