<?xml version="1.0" encoding="UTF-8"?>
<testng-results ignored="0" total="10" passed="10" failed="0" skipped="0">
  <reporter-output>
  </reporter-output>
  <suite started-at="2021-08-31T19:57:34 EET" name="Default suite" finished-at="2021-08-31T19:57:36 EET" duration-ms="1685">
    <groups>
    </groups>
    <test started-at="2021-08-31T19:57:34 EET" name="Default test" finished-at="2021-08-31T19:57:36 EET" duration-ms="1685">
      <class name="tests.Tests">
        <test-method signature="test010()[pri:0, instance:tests.Tests@4313f5bc]" started-at="2021-08-31T19:57:34 EET" name="test010" finished-at="2021-08-31T19:57:36 EET" duration-ms="1221" status="PASS">
          <reporter-output>
          </reporter-output>
        </test-method> <!-- test010 -->
        <test-method signature="test014()[pri:0, instance:tests.Tests@4313f5bc]" started-at="2021-08-31T19:57:36 EET" name="test014" finished-at="2021-08-31T19:57:36 EET" duration-ms="40" status="PASS">
          <reporter-output>
          </reporter-output>
        </test-method> <!-- test014 -->
        <test-method signature="test06()[pri:0, instance:tests.Tests@4313f5bc]" started-at="2021-08-31T19:57:36 EET" name="test06" finished-at="2021-08-31T19:57:36 EET" duration-ms="41" status="PASS">
          <reporter-output>
          </reporter-output>
        </test-method> <!-- test06 -->
        <test-method signature="test_01()[pri:0, instance:tests.Tests@4313f5bc]" started-at="2021-08-31T19:57:36 EET" name="test_01" finished-at="2021-08-31T19:57:36 EET" duration-ms="132" status="PASS">
          <reporter-output>
          </reporter-output>
        </test-method> <!-- test_01 -->
        <test-method signature="test_013()[pri:0, instance:tests.Tests@4313f5bc]" started-at="2021-08-31T19:57:36 EET" name="test_013" finished-at="2021-08-31T19:57:36 EET" duration-ms="55" status="PASS">
          <reporter-output>
          </reporter-output>
        </test-method> <!-- test_013 -->
        <test-method signature="test_02()[pri:0, instance:tests.Tests@4313f5bc]" started-at="2021-08-31T19:57:36 EET" name="test_02" finished-at="2021-08-31T19:57:36 EET" duration-ms="29" status="PASS">
          <reporter-output>
          </reporter-output>
        </test-method> <!-- test_02 -->
        <test-method signature="test_03()[pri:0, instance:tests.Tests@4313f5bc]" started-at="2021-08-31T19:57:36 EET" name="test_03" finished-at="2021-08-31T19:57:36 EET" duration-ms="51" status="PASS">
          <reporter-output>
          </reporter-output>
        </test-method> <!-- test_03 -->
        <test-method signature="test_04()[pri:0, instance:tests.Tests@4313f5bc]" started-at="2021-08-31T19:57:36 EET" name="test_04" finished-at="2021-08-31T19:57:36 EET" duration-ms="56" status="PASS">
          <reporter-output>
          </reporter-output>
        </test-method> <!-- test_04 -->
        <test-method signature="test_05()[pri:0, instance:tests.Tests@4313f5bc]" started-at="2021-08-31T19:57:36 EET" name="test_05" finished-at="2021-08-31T19:57:36 EET" duration-ms="26" status="PASS">
          <reporter-output>
          </reporter-output>
        </test-method> <!-- test_05 -->
        <test-method signature="test_09()[pri:0, instance:tests.Tests@4313f5bc]" started-at="2021-08-31T19:57:36 EET" name="test_09" finished-at="2021-08-31T19:57:36 EET" duration-ms="8" status="PASS">
          <reporter-output>
          </reporter-output>
        </test-method> <!-- test_09 -->
      </class> <!-- tests.Tests -->
    </test> <!-- Default test -->
  </suite> <!-- Default suite -->
</testng-results>
