<?xml version="1.0" encoding="UTF-8"?>
<!-- Generated by org.testng.reporters.JUnitXMLReporter -->
<testsuite ignored="0" hostname="DESKTOP-UE8CAS3" failures="0" tests="10" name="Default test" time="1.685" errors="0" timestamp="2021-08-31T19:57:36 EET">
  <testcase classname="tests.Tests" name="test010" time="1.221"/>
  <testcase classname="tests.Tests" name="test014" time="0.04"/>
  <testcase classname="tests.Tests" name="test06" time="0.041"/>
  <testcase classname="tests.Tests" name="test_01" time="0.132"/>
  <testcase classname="tests.Tests" name="test_013" time="0.055"/>
  <testcase classname="tests.Tests" name="test_02" time="0.029"/>
  <testcase classname="tests.Tests" name="test_03" time="0.051"/>
  <testcase classname="tests.Tests" name="test_04" time="0.056"/>
  <testcase classname="tests.Tests" name="test_05" time="0.026"/>
  <testcase classname="tests.Tests" name="test_09" time="0.008"/>
</testsuite> <!-- Default test -->
